<?xml version="1.0" encoding="UTF-8"?>
<!-- Generated by org.testng.reporters.JUnitReportReporter -->
<testsuite skipped="0" hostname="DESKTOP-TH1C2EM" name="com.ComCast.VtigerTest.LeadsTest" tests="2" failures="0" timestamp="09 Mar 2019 22:15:34 GMT" time="25.720" errors="0">
  <testcase name="importTest" time="16.232" classname="com.ComCast.VtigerTest.LeadsTest"/>
  <testcase name="exportTest" time="9.488" classname="com.ComCast.VtigerTest.LeadsTest"/>
</testsuite> <!-- com.ComCast.VtigerTest.LeadsTest -->
