<?xml version="1.0" encoding="UTF-8"?>
<!-- Generated by org.testng.reporters.JUnitReportReporter -->
<testsuite skipped="0" hostname="DESKTOP-TH1C2EM" name="com.ComCast.VtigerTest.OpportunitiesTest" tests="1" failures="0" timestamp="14 Mar 2019 06:09:33 GMT" time="119.606" errors="0">
  <testcase name="deleteMultioleOpportunityTest" time="119.606" classname="com.ComCast.VtigerTest.OpportunitiesTest"/>
</testsuite> <!-- com.ComCast.VtigerTest.OpportunitiesTest -->
